<?xml version="1.0" encoding="UTF-8"?>
<testsuite xmlns:xsi="http://www.w3.org/2001/XMLSchema-instance" xsi:noNamespaceSchemaLocation="https://maven.apache.org/surefire/maven-surefire-plugin/xsd/surefire-test-report.xsd" name="runner.Runner" time="103.823" tests="1" errors="0" skipped="0" failures="0">
  <properties>
    <property name="sun.desktop" value="windows"/>
    <property name="awt.toolkit" value="sun.awt.windows.WToolkit"/>
    <property name="file.encoding.pkg" value="sun.io"/>
    <property name="java.specification.version" value="1.8"/>
    <property name="sun.cpu.isalist" value="amd64"/>
    <property name="sun.jnu.encoding" value="Cp1252"/>
    <property name="java.class.path" value="D:\ClearTripAssignment\CleartripAssignment\target\test-classes;D:\ClearTripAssignment\CleartripAssignment\target\classes;C:\Users\Kirti_Bhoir\.m2\repository\org\seleniumhq\selenium\selenium-java\3.6.0\selenium-java-3.6.0.jar;C:\Users\Kirti_Bhoir\.m2\repository\org\seleniumhq\selenium\selenium-api\3.6.0\selenium-api-3.6.0.jar;C:\Users\Kirti_Bhoir\.m2\repository\org\seleniumhq\selenium\selenium-chrome-driver\3.6.0\selenium-chrome-driver-3.6.0.jar;C:\Users\Kirti_Bhoir\.m2\repository\org\seleniumhq\selenium\selenium-edge-driver\3.6.0\selenium-edge-driver-3.6.0.jar;C:\Users\Kirti_Bhoir\.m2\repository\org\seleniumhq\selenium\selenium-firefox-driver\3.6.0\selenium-firefox-driver-3.6.0.jar;C:\Users\Kirti_Bhoir\.m2\repository\org\seleniumhq\selenium\selenium-ie-driver\3.6.0\selenium-ie-driver-3.6.0.jar;C:\Users\Kirti_Bhoir\.m2\repository\org\seleniumhq\selenium\selenium-opera-driver\3.6.0\selenium-opera-driver-3.6.0.jar;C:\Users\Kirti_Bhoir\.m2\repository\org\seleniumhq\selenium\selenium-remote-driver\3.6.0\selenium-remote-driver-3.6.0.jar;C:\Users\Kirti_Bhoir\.m2\repository\org\seleniumhq\selenium\selenium-safari-driver\3.6.0\selenium-safari-driver-3.6.0.jar;C:\Users\Kirti_Bhoir\.m2\repository\org\seleniumhq\selenium\selenium-support\3.6.0\selenium-support-3.6.0.jar;C:\Users\Kirti_Bhoir\.m2\repository\net\bytebuddy\byte-buddy\1.7.5\byte-buddy-1.7.5.jar;C:\Users\Kirti_Bhoir\.m2\repository\org\apache\commons\commons-exec\1.3\commons-exec-1.3.jar;C:\Users\Kirti_Bhoir\.m2\repository\commons-codec\commons-codec\1.10\commons-codec-1.10.jar;C:\Users\Kirti_Bhoir\.m2\repository\commons-logging\commons-logging\1.2\commons-logging-1.2.jar;C:\Users\Kirti_Bhoir\.m2\repository\com\google\code\gson\gson\2.8.0\gson-2.8.0.jar;C:\Users\Kirti_Bhoir\.m2\repository\org\apache\httpcomponents\httpclient\4.5.3\httpclient-4.5.3.jar;C:\Users\Kirti_Bhoir\.m2\repository\net\java\dev\jna\jna\4.1.0\jna-4.1.0.jar;C:\Users\Kirti_Bhoir\.m2\repository\net\java\dev\jna\jna-platform\4.1.0\jna-platform-4.1.0.jar;C:\Users\Kirti_Bhoir\.m2\repository\info\cukes\cucumber-java\1.2.5\cucumber-java-1.2.5.jar;C:\Users\Kirti_Bhoir\.m2\repository\info\cukes\cucumber-core\1.2.5\cucumber-core-1.2.5.jar;C:\Users\Kirti_Bhoir\.m2\repository\info\cukes\cucumber-html\0.2.3\cucumber-html-0.2.3.jar;C:\Users\Kirti_Bhoir\.m2\repository\info\cukes\cucumber-jvm-deps\1.0.5\cucumber-jvm-deps-1.0.5.jar;C:\Users\Kirti_Bhoir\.m2\repository\info\cukes\gherkin\2.12.2\gherkin-2.12.2.jar;C:\Users\Kirti_Bhoir\.m2\repository\org\testng\testng\6.14.3\testng-6.14.3.jar;C:\Users\Kirti_Bhoir\.m2\repository\com\beust\jcommander\1.72\jcommander-1.72.jar;C:\Users\Kirti_Bhoir\.m2\repository\org\apache-extras\beanshell\bsh\2.0b6\bsh-2.0b6.jar;C:\Users\Kirti_Bhoir\.m2\repository\info\cukes\cucumber-junit\1.2.5\cucumber-junit-1.2.5.jar;C:\Users\Kirti_Bhoir\.m2\repository\junit\junit\4.12\junit-4.12.jar;C:\Users\Kirti_Bhoir\.m2\repository\org\hamcrest\hamcrest-core\1.3\hamcrest-core-1.3.jar;C:\Users\Kirti_Bhoir\.m2\repository\org\springframework\spring-beans\3.0.5.RELEASE\spring-beans-3.0.5.RELEASE.jar;C:\Users\Kirti_Bhoir\.m2\repository\org\springframework\spring-core\3.0.5.RELEASE\spring-core-3.0.5.RELEASE.jar;C:\Users\Kirti_Bhoir\.m2\repository\org\springframework\spring-asm\3.0.5.RELEASE\spring-asm-3.0.5.RELEASE.jar;C:\Users\Kirti_Bhoir\.m2\repository\org\springframework\spring-context\4.1.3.RELEASE\spring-context-4.1.3.RELEASE.jar;C:\Users\Kirti_Bhoir\.m2\repository\org\springframework\spring-aop\4.1.3.RELEASE\spring-aop-4.1.3.RELEASE.jar;C:\Users\Kirti_Bhoir\.m2\repository\aopalliance\aopalliance\1.0\aopalliance-1.0.jar;C:\Users\Kirti_Bhoir\.m2\repository\org\springframework\spring-expression\4.1.3.RELEASE\spring-expression-4.1.3.RELEASE.jar;C:\Users\Kirti_Bhoir\.m2\repository\org\slf4j\slf4j-api\1.7.5\slf4j-api-1.7.5.jar;C:\Users\Kirti_Bhoir\.m2\repository\com\google\guava\guava\22.0\guava-22.0.jar;C:\Users\Kirti_Bhoir\.m2\repository\com\google\code\findbugs\jsr305\1.3.9\jsr305-1.3.9.jar;C:\Users\Kirti_Bhoir\.m2\repository\com\google\errorprone\error_prone_annotations\2.0.18\error_prone_annotations-2.0.18.jar;C:\Users\Kirti_Bhoir\.m2\repository\com\google\j2objc\j2objc-annotations\1.1\j2objc-annotations-1.1.jar;C:\Users\Kirti_Bhoir\.m2\repository\org\codehaus\mojo\animal-sniffer-annotations\1.14\animal-sniffer-annotations-1.14.jar;C:\Users\Kirti_Bhoir\.m2\repository\org\apache\httpcomponents\httpcore\4.4.8\httpcore-4.4.8.jar;C:\Users\Kirti_Bhoir\.m2\repository\net\serenity-bdd\maven\plugins\serenity-maven-plugin\1.0.6\serenity-maven-plugin-1.0.6.jar;C:\Users\Kirti_Bhoir\.m2\repository\org\apache\maven\maven-plugin-api\3.2.3\maven-plugin-api-3.2.3.jar;C:\Users\Kirti_Bhoir\.m2\repository\org\apache\maven\maven-model\3.2.3\maven-model-3.2.3.jar;C:\Users\Kirti_Bhoir\.m2\repository\org\apache\maven\maven-artifact\3.2.3\maven-artifact-3.2.3.jar;C:\Users\Kirti_Bhoir\.m2\repository\org\eclipse\sisu\org.eclipse.sisu.plexus\0.0.0.M5\org.eclipse.sisu.plexus-0.0.0.M5.jar;C:\Users\Kirti_Bhoir\.m2\repository\javax\enterprise\cdi-api\1.0\cdi-api-1.0.jar;C:\Users\Kirti_Bhoir\.m2\repository\javax\annotation\jsr250-api\1.0\jsr250-api-1.0.jar;C:\Users\Kirti_Bhoir\.m2\repository\org\sonatype\sisu\sisu-guice\3.1.0\sisu-guice-3.1.0-no_aop.jar;C:\Users\Kirti_Bhoir\.m2\repository\org\eclipse\sisu\org.eclipse.sisu.inject\0.0.0.M5\org.eclipse.sisu.inject-0.0.0.M5.jar;C:\Users\Kirti_Bhoir\.m2\repository\net\serenity-bdd\core\1.0.6\core-1.0.6.jar;C:\Users\Kirti_Bhoir\.m2\repository\com\google\inject\guice\3.0\guice-3.0.jar;C:\Users\Kirti_Bhoir\.m2\repository\javax\inject\javax.inject\1\javax.inject-1.jar;C:\Users\Kirti_Bhoir\.m2\repository\net\serenity-bdd\serenity-report-resources\1.0.6\serenity-report-resources-1.0.6.jar;C:\Users\Kirti_Bhoir\.m2\repository\com\fasterxml\jackson\core\jackson-core\2.4.3\jackson-core-2.4.3.jar;C:\Users\Kirti_Bhoir\.m2\repository\com\fasterxml\jackson\core\jackson-annotations\2.4.3\jackson-annotations-2.4.3.jar;C:\Users\Kirti_Bhoir\.m2\repository\com\fasterxml\jackson\core\jackson-databind\2.4.3\jackson-databind-2.4.3.jar;C:\Users\Kirti_Bhoir\.m2\repository\com\fasterxml\jackson\datatype\jackson-datatype-joda\2.4.3\jackson-datatype-joda-2.4.3.jar;C:\Users\Kirti_Bhoir\.m2\repository\com\fasterxml\jackson\datatype\jackson-datatype-guava\2.4.3\jackson-datatype-guava-2.4.3.jar;C:\Users\Kirti_Bhoir\.m2\repository\cglib\cglib\2.2.2\cglib-2.2.2.jar;C:\Users\Kirti_Bhoir\.m2\repository\commons-io\commons-io\2.4\commons-io-2.4.jar;C:\Users\Kirti_Bhoir\.m2\repository\com\opera\operadriver\1.5\operadriver-1.5.jar;C:\Users\Kirti_Bhoir\.m2\repository\com\opera\operalaunchers\1.1\operalaunchers-1.1.jar;C:\Users\Kirti_Bhoir\.m2\repository\com\google\protobuf\protobuf-java\2.4.1\protobuf-java-2.4.1.jar;C:\Users\Kirti_Bhoir\.m2\repository\commons-jxpath\commons-jxpath\1.3\commons-jxpath-1.3.jar;C:\Users\Kirti_Bhoir\.m2\repository\org\ini4j\ini4j\0.5.2\ini4j-0.5.2.jar;C:\Users\Kirti_Bhoir\.m2\repository\org\seleniumhq\selenium\selenium-server\2.43.1\selenium-server-2.43.1.jar;C:\Users\Kirti_Bhoir\.m2\repository\org\bouncycastle\bcprov-jdk15on\1.48\bcprov-jdk15on-1.48.jar;C:\Users\Kirti_Bhoir\.m2\repository\org\bouncycastle\bcpkix-jdk15on\1.48\bcpkix-jdk15on-1.48.jar;C:\Users\Kirti_Bhoir\.m2\repository\mx4j\mx4j-tools\3.0.1\mx4j-tools-3.0.1.jar;C:\Users\Kirti_Bhoir\.m2\repository\org\mortbay\jetty\servlet-api-2.5\6.1.9\servlet-api-2.5-6.1.9.jar;C:\Users\Kirti_Bhoir\.m2\repository\org\seleniumhq\selenium\jetty-repacked\7.6.1\jetty-repacked-7.6.1.jar;C:\Users\Kirti_Bhoir\.m2\repository\org\seleniumhq\selenium\jetty-rc-repacked\5\jetty-rc-repacked-5.jar;C:\Users\Kirti_Bhoir\.m2\repository\net\jcip\jcip-annotations\1.0\jcip-annotations-1.0.jar;C:\Users\Kirti_Bhoir\.m2\repository\org\yaml\snakeyaml\1.8\snakeyaml-1.8.jar;C:\Users\Kirti_Bhoir\.m2\repository\com\github\detro\phantomjsdriver\1.2.0\phantomjsdriver-1.2.0.jar;C:\Users\Kirti_Bhoir\.m2\repository\net\sf\opencsv\opencsv\2.0\opencsv-2.0.jar;C:\Users\Kirti_Bhoir\.m2\repository\commons-beanutils\commons-beanutils-core\1.8.3\commons-beanutils-core-1.8.3.jar;C:\Users\Kirti_Bhoir\.m2\repository\com\googlecode\lambdaj\lambdaj\2.3.3\lambdaj-2.3.3.jar;C:\Users\Kirti_Bhoir\.m2\repository\org\objenesis\objenesis\1.2\objenesis-1.2.jar;C:\Users\Kirti_Bhoir\.m2\repository\joda-time\joda-time\2.0\joda-time-2.0.jar;C:\Users\Kirti_Bhoir\.m2\repository\com\thoughtworks\xstream\xstream\1.4.1\xstream-1.4.1.jar;C:\Users\Kirti_Bhoir\.m2\repository\xmlpull\xmlpull\1.1.3.1\xmlpull-1.1.3.1.jar;C:\Users\Kirti_Bhoir\.m2\repository\xpp3\xpp3_min\1.1.4c\xpp3_min-1.1.4c.jar;C:\Users\Kirti_Bhoir\.m2\repository\org\apache\commons\commons-lang3\3.0.1\commons-lang3-3.0.1.jar;C:\Users\Kirti_Bhoir\.m2\repository\commons-collections\commons-collections\3.2.1\commons-collections-3.2.1.jar;C:\Users\Kirti_Bhoir\.m2\repository\net\sf\flexjson\flexjson\2.1\flexjson-2.1.jar;C:\Users\Kirti_Bhoir\.m2\repository\org\freemarker\freemarker\2.3.21\freemarker-2.3.21.jar;C:\Users\Kirti_Bhoir\.m2\repository\net\sourceforge\jexcelapi\jxl\2.6.12\jxl-2.6.12.jar;C:\Users\Kirti_Bhoir\.m2\repository\asm\asm\3.3.1\asm-3.3.1.jar;C:\Users\Kirti_Bhoir\.m2\repository\org\springframework\spring-context-support\3.2.3.RELEASE\spring-context-support-3.2.3.RELEASE.jar;C:\Users\Kirti_Bhoir\.m2\repository\org\hamcrest\hamcrest-library\1.3\hamcrest-library-1.3.jar;C:\Users\Kirti_Bhoir\.m2\repository\net\sourceforge\htmlunit\htmlunit\2.9\htmlunit-2.9.jar;C:\Users\Kirti_Bhoir\.m2\repository\xalan\xalan\2.7.1\xalan-2.7.1.jar;C:\Users\Kirti_Bhoir\.m2\repository\xalan\serializer\2.7.1\serializer-2.7.1.jar;C:\Users\Kirti_Bhoir\.m2\repository\commons-lang\commons-lang\2.6\commons-lang-2.6.jar;C:\Users\Kirti_Bhoir\.m2\repository\org\apache\httpcomponents\httpmime\4.1.2\httpmime-4.1.2.jar;C:\Users\Kirti_Bhoir\.m2\repository\net\sourceforge\htmlunit\htmlunit-core-js\2.9\htmlunit-core-js-2.9.jar;C:\Users\Kirti_Bhoir\.m2\repository\xerces\xercesImpl\2.9.1\xercesImpl-2.9.1.jar;C:\Users\Kirti_Bhoir\.m2\repository\net\sourceforge\nekohtml\nekohtml\1.9.15\nekohtml-1.9.15.jar;C:\Users\Kirti_Bhoir\.m2\repository\net\sourceforge\cssparser\cssparser\0.9.5\cssparser-0.9.5.jar;C:\Users\Kirti_Bhoir\.m2\repository\org\w3c\css\sac\1.3\sac-1.3.jar;C:\Users\Kirti_Bhoir\.m2\repository\org\fluentlenium\fluentlenium-core\0.10.2\fluentlenium-core-0.10.2.jar;C:\Users\Kirti_Bhoir\.m2\repository\xml-apis\xml-apis\1.4.01\xml-apis-1.4.01.jar;C:\Users\Kirti_Bhoir\.m2\repository\com\jhlabs\filters\2.0.235\filters-2.0.235.jar;C:\Users\Kirti_Bhoir\.m2\repository\org\asciidoctor\asciidoctor-java-integration\0.1.3\asciidoctor-java-integration-0.1.3.jar;C:\Users\Kirti_Bhoir\.m2\repository\org\jruby\jruby-complete\1.7.4\jruby-complete-1.7.4.jar;C:\Users\Kirti_Bhoir\.m2\repository\org\hibernate\hibernate-validator\5.1.1.Final\hibernate-validator-5.1.1.Final.jar;C:\Users\Kirti_Bhoir\.m2\repository\javax\validation\validation-api\1.1.0.Final\validation-api-1.1.0.Final.jar;C:\Users\Kirti_Bhoir\.m2\repository\org\jboss\logging\jboss-logging\3.1.3.GA\jboss-logging-3.1.3.GA.jar;C:\Users\Kirti_Bhoir\.m2\repository\com\fasterxml\classmate\1.0.0\classmate-1.0.0.jar;C:\Users\Kirti_Bhoir\.m2\repository\javax\el\javax.el-api\2.2.4\javax.el-api-2.2.4.jar;C:\Users\Kirti_Bhoir\.m2\repository\org\glassfish\web\javax.el\2.2.4\javax.el-2.2.4.jar;C:\Users\Kirti_Bhoir\.m2\repository\org\apache\maven\maven-core\3.0.4\maven-core-3.0.4.jar;C:\Users\Kirti_Bhoir\.m2\repository\org\apache\maven\maven-settings\3.0.4\maven-settings-3.0.4.jar;C:\Users\Kirti_Bhoir\.m2\repository\org\apache\maven\maven-settings-builder\3.0.4\maven-settings-builder-3.0.4.jar;C:\Users\Kirti_Bhoir\.m2\repository\org\apache\maven\maven-repository-metadata\3.0.4\maven-repository-metadata-3.0.4.jar;C:\Users\Kirti_Bhoir\.m2\repository\org\apache\maven\maven-model-builder\3.0.4\maven-model-builder-3.0.4.jar;C:\Users\Kirti_Bhoir\.m2\repository\org\apache\maven\maven-aether-provider\3.0.4\maven-aether-provider-3.0.4.jar;C:\Users\Kirti_Bhoir\.m2\repository\org\sonatype\aether\aether-spi\1.13.1\aether-spi-1.13.1.jar;C:\Users\Kirti_Bhoir\.m2\repository\org\sonatype\aether\aether-impl\1.13.1\aether-impl-1.13.1.jar;C:\Users\Kirti_Bhoir\.m2\repository\org\sonatype\aether\aether-api\1.13.1\aether-api-1.13.1.jar;C:\Users\Kirti_Bhoir\.m2\repository\org\sonatype\aether\aether-util\1.13.1\aether-util-1.13.1.jar;C:\Users\Kirti_Bhoir\.m2\repository\org\sonatype\sisu\sisu-inject-plexus\2.3.0\sisu-inject-plexus-2.3.0.jar;C:\Users\Kirti_Bhoir\.m2\repository\org\sonatype\sisu\sisu-inject-bean\2.3.0\sisu-inject-bean-2.3.0.jar;C:\Users\Kirti_Bhoir\.m2\repository\org\codehaus\plexus\plexus-interpolation\1.14\plexus-interpolation-1.14.jar;C:\Users\Kirti_Bhoir\.m2\repository\org\codehaus\plexus\plexus-utils\2.0.6\plexus-utils-2.0.6.jar;C:\Users\Kirti_Bhoir\.m2\repository\org\codehaus\plexus\plexus-classworlds\2.4\plexus-classworlds-2.4.jar;C:\Users\Kirti_Bhoir\.m2\repository\org\codehaus\plexus\plexus-component-annotations\1.5.5\plexus-component-annotations-1.5.5.jar;C:\Users\Kirti_Bhoir\.m2\repository\org\sonatype\plexus\plexus-sec-dispatcher\1.3\plexus-sec-dispatcher-1.3.jar;C:\Users\Kirti_Bhoir\.m2\repository\org\sonatype\plexus\plexus-cipher\1.4\plexus-cipher-1.4.jar;C:\Users\Kirti_Bhoir\.m2\repository\org\apache\maven\plugin-tools\maven-plugin-annotations\3.3\maven-plugin-annotations-3.3.jar;C:\Users\Kirti_Bhoir\.m2\repository\org\apache\maven\reporting\maven-reporting-api\3.0\maven-reporting-api-3.0.jar;C:\Users\Kirti_Bhoir\.m2\repository\org\apache\maven\doxia\doxia-sink-api\1.0\doxia-sink-api-1.0.jar;C:\Users\Kirti_Bhoir\.m2\repository\info\cukes\cucumber-testng\1.2.5\cucumber-testng-1.2.5.jar;C:\Users\Kirti_Bhoir\.m2\repository\org\springframework\spring-test\5.1.1.RELEASE\spring-test-5.1.1.RELEASE.jar;C:\Users\Kirti_Bhoir\.m2\repository\org\apache\poi\poi-ooxml\3.9\poi-ooxml-3.9.jar;C:\Users\Kirti_Bhoir\.m2\repository\org\apache\poi\poi\3.9\poi-3.9.jar;C:\Users\Kirti_Bhoir\.m2\repository\org\apache\poi\poi-ooxml-schemas\3.9\poi-ooxml-schemas-3.9.jar;C:\Users\Kirti_Bhoir\.m2\repository\org\apache\xmlbeans\xmlbeans\2.3.0\xmlbeans-2.3.0.jar;C:\Users\Kirti_Bhoir\.m2\repository\stax\stax-api\1.0.1\stax-api-1.0.1.jar;C:\Users\Kirti_Bhoir\.m2\repository\dom4j\dom4j\1.6.1\dom4j-1.6.1.jar;C:\Users\Kirti_Bhoir\.m2\repository\log4j\log4j\1.2.17\log4j-1.2.17.jar;C:\Users\Kirti_Bhoir\.m2\repository\org\hamcrest\hamcrest-all\1.3\hamcrest-all-1.3.jar;"/>
    <property name="java.vm.vendor" value="Oracle Corporation"/>
    <property name="sun.arch.data.model" value="64"/>
    <property name="user.variant" value=""/>
    <property name="java.vendor.url" value="http://java.oracle.com/"/>
    <property name="user.timezone" value="Asia/Calcutta"/>
    <property name="java.vm.specification.version" value="1.8"/>
    <property name="os.name" value="Windows 10"/>
    <property name="user.country" value="US"/>
    <property name="sun.java.launcher" value="SUN_STANDARD"/>
    <property name="sun.boot.library.path" value="C:\Program Files\Java\jdk1.8.0_181\jre\bin"/>
    <property name="sun.java.command" value="C:\Users\KIRTI_~1\AppData\Local\Temp\surefire1709497364593460622\surefirebooter1703383491371427699.jar C:\Users\Kirti_Bhoir\AppData\Local\Temp\surefire1709497364593460622 2018-10-20T15-06-12_090-jvmRun1 surefire591468017460858447tmp surefire_04004377342728818974tmp"/>
    <property name="surefire.test.class.path" value="D:\ClearTripAssignment\CleartripAssignment\target\test-classes;D:\ClearTripAssignment\CleartripAssignment\target\classes;C:\Users\Kirti_Bhoir\.m2\repository\org\seleniumhq\selenium\selenium-java\3.6.0\selenium-java-3.6.0.jar;C:\Users\Kirti_Bhoir\.m2\repository\org\seleniumhq\selenium\selenium-api\3.6.0\selenium-api-3.6.0.jar;C:\Users\Kirti_Bhoir\.m2\repository\org\seleniumhq\selenium\selenium-chrome-driver\3.6.0\selenium-chrome-driver-3.6.0.jar;C:\Users\Kirti_Bhoir\.m2\repository\org\seleniumhq\selenium\selenium-edge-driver\3.6.0\selenium-edge-driver-3.6.0.jar;C:\Users\Kirti_Bhoir\.m2\repository\org\seleniumhq\selenium\selenium-firefox-driver\3.6.0\selenium-firefox-driver-3.6.0.jar;C:\Users\Kirti_Bhoir\.m2\repository\org\seleniumhq\selenium\selenium-ie-driver\3.6.0\selenium-ie-driver-3.6.0.jar;C:\Users\Kirti_Bhoir\.m2\repository\org\seleniumhq\selenium\selenium-opera-driver\3.6.0\selenium-opera-driver-3.6.0.jar;C:\Users\Kirti_Bhoir\.m2\repository\org\seleniumhq\selenium\selenium-remote-driver\3.6.0\selenium-remote-driver-3.6.0.jar;C:\Users\Kirti_Bhoir\.m2\repository\org\seleniumhq\selenium\selenium-safari-driver\3.6.0\selenium-safari-driver-3.6.0.jar;C:\Users\Kirti_Bhoir\.m2\repository\org\seleniumhq\selenium\selenium-support\3.6.0\selenium-support-3.6.0.jar;C:\Users\Kirti_Bhoir\.m2\repository\net\bytebuddy\byte-buddy\1.7.5\byte-buddy-1.7.5.jar;C:\Users\Kirti_Bhoir\.m2\repository\org\apache\commons\commons-exec\1.3\commons-exec-1.3.jar;C:\Users\Kirti_Bhoir\.m2\repository\commons-codec\commons-codec\1.10\commons-codec-1.10.jar;C:\Users\Kirti_Bhoir\.m2\repository\commons-logging\commons-logging\1.2\commons-logging-1.2.jar;C:\Users\Kirti_Bhoir\.m2\repository\com\google\code\gson\gson\2.8.0\gson-2.8.0.jar;C:\Users\Kirti_Bhoir\.m2\repository\org\apache\httpcomponents\httpclient\4.5.3\httpclient-4.5.3.jar;C:\Users\Kirti_Bhoir\.m2\repository\net\java\dev\jna\jna\4.1.0\jna-4.1.0.jar;C:\Users\Kirti_Bhoir\.m2\repository\net\java\dev\jna\jna-platform\4.1.0\jna-platform-4.1.0.jar;C:\Users\Kirti_Bhoir\.m2\repository\info\cukes\cucumber-java\1.2.5\cucumber-java-1.2.5.jar;C:\Users\Kirti_Bhoir\.m2\repository\info\cukes\cucumber-core\1.2.5\cucumber-core-1.2.5.jar;C:\Users\Kirti_Bhoir\.m2\repository\info\cukes\cucumber-html\0.2.3\cucumber-html-0.2.3.jar;C:\Users\Kirti_Bhoir\.m2\repository\info\cukes\cucumber-jvm-deps\1.0.5\cucumber-jvm-deps-1.0.5.jar;C:\Users\Kirti_Bhoir\.m2\repository\info\cukes\gherkin\2.12.2\gherkin-2.12.2.jar;C:\Users\Kirti_Bhoir\.m2\repository\org\testng\testng\6.14.3\testng-6.14.3.jar;C:\Users\Kirti_Bhoir\.m2\repository\com\beust\jcommander\1.72\jcommander-1.72.jar;C:\Users\Kirti_Bhoir\.m2\repository\org\apache-extras\beanshell\bsh\2.0b6\bsh-2.0b6.jar;C:\Users\Kirti_Bhoir\.m2\repository\info\cukes\cucumber-junit\1.2.5\cucumber-junit-1.2.5.jar;C:\Users\Kirti_Bhoir\.m2\repository\junit\junit\4.12\junit-4.12.jar;C:\Users\Kirti_Bhoir\.m2\repository\org\hamcrest\hamcrest-core\1.3\hamcrest-core-1.3.jar;C:\Users\Kirti_Bhoir\.m2\repository\org\springframework\spring-beans\3.0.5.RELEASE\spring-beans-3.0.5.RELEASE.jar;C:\Users\Kirti_Bhoir\.m2\repository\org\springframework\spring-core\3.0.5.RELEASE\spring-core-3.0.5.RELEASE.jar;C:\Users\Kirti_Bhoir\.m2\repository\org\springframework\spring-asm\3.0.5.RELEASE\spring-asm-3.0.5.RELEASE.jar;C:\Users\Kirti_Bhoir\.m2\repository\org\springframework\spring-context\4.1.3.RELEASE\spring-context-4.1.3.RELEASE.jar;C:\Users\Kirti_Bhoir\.m2\repository\org\springframework\spring-aop\4.1.3.RELEASE\spring-aop-4.1.3.RELEASE.jar;C:\Users\Kirti_Bhoir\.m2\repository\aopalliance\aopalliance\1.0\aopalliance-1.0.jar;C:\Users\Kirti_Bhoir\.m2\repository\org\springframework\spring-expression\4.1.3.RELEASE\spring-expression-4.1.3.RELEASE.jar;C:\Users\Kirti_Bhoir\.m2\repository\org\slf4j\slf4j-api\1.7.5\slf4j-api-1.7.5.jar;C:\Users\Kirti_Bhoir\.m2\repository\com\google\guava\guava\22.0\guava-22.0.jar;C:\Users\Kirti_Bhoir\.m2\repository\com\google\code\findbugs\jsr305\1.3.9\jsr305-1.3.9.jar;C:\Users\Kirti_Bhoir\.m2\repository\com\google\errorprone\error_prone_annotations\2.0.18\error_prone_annotations-2.0.18.jar;C:\Users\Kirti_Bhoir\.m2\repository\com\google\j2objc\j2objc-annotations\1.1\j2objc-annotations-1.1.jar;C:\Users\Kirti_Bhoir\.m2\repository\org\codehaus\mojo\animal-sniffer-annotations\1.14\animal-sniffer-annotations-1.14.jar;C:\Users\Kirti_Bhoir\.m2\repository\org\apache\httpcomponents\httpcore\4.4.8\httpcore-4.4.8.jar;C:\Users\Kirti_Bhoir\.m2\repository\net\serenity-bdd\maven\plugins\serenity-maven-plugin\1.0.6\serenity-maven-plugin-1.0.6.jar;C:\Users\Kirti_Bhoir\.m2\repository\org\apache\maven\maven-plugin-api\3.2.3\maven-plugin-api-3.2.3.jar;C:\Users\Kirti_Bhoir\.m2\repository\org\apache\maven\maven-model\3.2.3\maven-model-3.2.3.jar;C:\Users\Kirti_Bhoir\.m2\repository\org\apache\maven\maven-artifact\3.2.3\maven-artifact-3.2.3.jar;C:\Users\Kirti_Bhoir\.m2\repository\org\eclipse\sisu\org.eclipse.sisu.plexus\0.0.0.M5\org.eclipse.sisu.plexus-0.0.0.M5.jar;C:\Users\Kirti_Bhoir\.m2\repository\javax\enterprise\cdi-api\1.0\cdi-api-1.0.jar;C:\Users\Kirti_Bhoir\.m2\repository\javax\annotation\jsr250-api\1.0\jsr250-api-1.0.jar;C:\Users\Kirti_Bhoir\.m2\repository\org\sonatype\sisu\sisu-guice\3.1.0\sisu-guice-3.1.0-no_aop.jar;C:\Users\Kirti_Bhoir\.m2\repository\org\eclipse\sisu\org.eclipse.sisu.inject\0.0.0.M5\org.eclipse.sisu.inject-0.0.0.M5.jar;C:\Users\Kirti_Bhoir\.m2\repository\net\serenity-bdd\core\1.0.6\core-1.0.6.jar;C:\Users\Kirti_Bhoir\.m2\repository\com\google\inject\guice\3.0\guice-3.0.jar;C:\Users\Kirti_Bhoir\.m2\repository\javax\inject\javax.inject\1\javax.inject-1.jar;C:\Users\Kirti_Bhoir\.m2\repository\net\serenity-bdd\serenity-report-resources\1.0.6\serenity-report-resources-1.0.6.jar;C:\Users\Kirti_Bhoir\.m2\repository\com\fasterxml\jackson\core\jackson-core\2.4.3\jackson-core-2.4.3.jar;C:\Users\Kirti_Bhoir\.m2\repository\com\fasterxml\jackson\core\jackson-annotations\2.4.3\jackson-annotations-2.4.3.jar;C:\Users\Kirti_Bhoir\.m2\repository\com\fasterxml\jackson\core\jackson-databind\2.4.3\jackson-databind-2.4.3.jar;C:\Users\Kirti_Bhoir\.m2\repository\com\fasterxml\jackson\datatype\jackson-datatype-joda\2.4.3\jackson-datatype-joda-2.4.3.jar;C:\Users\Kirti_Bhoir\.m2\repository\com\fasterxml\jackson\datatype\jackson-datatype-guava\2.4.3\jackson-datatype-guava-2.4.3.jar;C:\Users\Kirti_Bhoir\.m2\repository\cglib\cglib\2.2.2\cglib-2.2.2.jar;C:\Users\Kirti_Bhoir\.m2\repository\commons-io\commons-io\2.4\commons-io-2.4.jar;C:\Users\Kirti_Bhoir\.m2\repository\com\opera\operadriver\1.5\operadriver-1.5.jar;C:\Users\Kirti_Bhoir\.m2\repository\com\opera\operalaunchers\1.1\operalaunchers-1.1.jar;C:\Users\Kirti_Bhoir\.m2\repository\com\google\protobuf\protobuf-java\2.4.1\protobuf-java-2.4.1.jar;C:\Users\Kirti_Bhoir\.m2\repository\commons-jxpath\commons-jxpath\1.3\commons-jxpath-1.3.jar;C:\Users\Kirti_Bhoir\.m2\repository\org\ini4j\ini4j\0.5.2\ini4j-0.5.2.jar;C:\Users\Kirti_Bhoir\.m2\repository\org\seleniumhq\selenium\selenium-server\2.43.1\selenium-server-2.43.1.jar;C:\Users\Kirti_Bhoir\.m2\repository\org\bouncycastle\bcprov-jdk15on\1.48\bcprov-jdk15on-1.48.jar;C:\Users\Kirti_Bhoir\.m2\repository\org\bouncycastle\bcpkix-jdk15on\1.48\bcpkix-jdk15on-1.48.jar;C:\Users\Kirti_Bhoir\.m2\repository\mx4j\mx4j-tools\3.0.1\mx4j-tools-3.0.1.jar;C:\Users\Kirti_Bhoir\.m2\repository\org\mortbay\jetty\servlet-api-2.5\6.1.9\servlet-api-2.5-6.1.9.jar;C:\Users\Kirti_Bhoir\.m2\repository\org\seleniumhq\selenium\jetty-repacked\7.6.1\jetty-repacked-7.6.1.jar;C:\Users\Kirti_Bhoir\.m2\repository\org\seleniumhq\selenium\jetty-rc-repacked\5\jetty-rc-repacked-5.jar;C:\Users\Kirti_Bhoir\.m2\repository\net\jcip\jcip-annotations\1.0\jcip-annotations-1.0.jar;C:\Users\Kirti_Bhoir\.m2\repository\org\yaml\snakeyaml\1.8\snakeyaml-1.8.jar;C:\Users\Kirti_Bhoir\.m2\repository\com\github\detro\phantomjsdriver\1.2.0\phantomjsdriver-1.2.0.jar;C:\Users\Kirti_Bhoir\.m2\repository\net\sf\opencsv\opencsv\2.0\opencsv-2.0.jar;C:\Users\Kirti_Bhoir\.m2\repository\commons-beanutils\commons-beanutils-core\1.8.3\commons-beanutils-core-1.8.3.jar;C:\Users\Kirti_Bhoir\.m2\repository\com\googlecode\lambdaj\lambdaj\2.3.3\lambdaj-2.3.3.jar;C:\Users\Kirti_Bhoir\.m2\repository\org\objenesis\objenesis\1.2\objenesis-1.2.jar;C:\Users\Kirti_Bhoir\.m2\repository\joda-time\joda-time\2.0\joda-time-2.0.jar;C:\Users\Kirti_Bhoir\.m2\repository\com\thoughtworks\xstream\xstream\1.4.1\xstream-1.4.1.jar;C:\Users\Kirti_Bhoir\.m2\repository\xmlpull\xmlpull\1.1.3.1\xmlpull-1.1.3.1.jar;C:\Users\Kirti_Bhoir\.m2\repository\xpp3\xpp3_min\1.1.4c\xpp3_min-1.1.4c.jar;C:\Users\Kirti_Bhoir\.m2\repository\org\apache\commons\commons-lang3\3.0.1\commons-lang3-3.0.1.jar;C:\Users\Kirti_Bhoir\.m2\repository\commons-collections\commons-collections\3.2.1\commons-collections-3.2.1.jar;C:\Users\Kirti_Bhoir\.m2\repository\net\sf\flexjson\flexjson\2.1\flexjson-2.1.jar;C:\Users\Kirti_Bhoir\.m2\repository\org\freemarker\freemarker\2.3.21\freemarker-2.3.21.jar;C:\Users\Kirti_Bhoir\.m2\repository\net\sourceforge\jexcelapi\jxl\2.6.12\jxl-2.6.12.jar;C:\Users\Kirti_Bhoir\.m2\repository\asm\asm\3.3.1\asm-3.3.1.jar;C:\Users\Kirti_Bhoir\.m2\repository\org\springframework\spring-context-support\3.2.3.RELEASE\spring-context-support-3.2.3.RELEASE.jar;C:\Users\Kirti_Bhoir\.m2\repository\org\hamcrest\hamcrest-library\1.3\hamcrest-library-1.3.jar;C:\Users\Kirti_Bhoir\.m2\repository\net\sourceforge\htmlunit\htmlunit\2.9\htmlunit-2.9.jar;C:\Users\Kirti_Bhoir\.m2\repository\xalan\xalan\2.7.1\xalan-2.7.1.jar;C:\Users\Kirti_Bhoir\.m2\repository\xalan\serializer\2.7.1\serializer-2.7.1.jar;C:\Users\Kirti_Bhoir\.m2\repository\commons-lang\commons-lang\2.6\commons-lang-2.6.jar;C:\Users\Kirti_Bhoir\.m2\repository\org\apache\httpcomponents\httpmime\4.1.2\httpmime-4.1.2.jar;C:\Users\Kirti_Bhoir\.m2\repository\net\sourceforge\htmlunit\htmlunit-core-js\2.9\htmlunit-core-js-2.9.jar;C:\Users\Kirti_Bhoir\.m2\repository\xerces\xercesImpl\2.9.1\xercesImpl-2.9.1.jar;C:\Users\Kirti_Bhoir\.m2\repository\net\sourceforge\nekohtml\nekohtml\1.9.15\nekohtml-1.9.15.jar;C:\Users\Kirti_Bhoir\.m2\repository\net\sourceforge\cssparser\cssparser\0.9.5\cssparser-0.9.5.jar;C:\Users\Kirti_Bhoir\.m2\repository\org\w3c\css\sac\1.3\sac-1.3.jar;C:\Users\Kirti_Bhoir\.m2\repository\org\fluentlenium\fluentlenium-core\0.10.2\fluentlenium-core-0.10.2.jar;C:\Users\Kirti_Bhoir\.m2\repository\xml-apis\xml-apis\1.4.01\xml-apis-1.4.01.jar;C:\Users\Kirti_Bhoir\.m2\repository\com\jhlabs\filters\2.0.235\filters-2.0.235.jar;C:\Users\Kirti_Bhoir\.m2\repository\org\asciidoctor\asciidoctor-java-integration\0.1.3\asciidoctor-java-integration-0.1.3.jar;C:\Users\Kirti_Bhoir\.m2\repository\org\jruby\jruby-complete\1.7.4\jruby-complete-1.7.4.jar;C:\Users\Kirti_Bhoir\.m2\repository\org\hibernate\hibernate-validator\5.1.1.Final\hibernate-validator-5.1.1.Final.jar;C:\Users\Kirti_Bhoir\.m2\repository\javax\validation\validation-api\1.1.0.Final\validation-api-1.1.0.Final.jar;C:\Users\Kirti_Bhoir\.m2\repository\org\jboss\logging\jboss-logging\3.1.3.GA\jboss-logging-3.1.3.GA.jar;C:\Users\Kirti_Bhoir\.m2\repository\com\fasterxml\classmate\1.0.0\classmate-1.0.0.jar;C:\Users\Kirti_Bhoir\.m2\repository\javax\el\javax.el-api\2.2.4\javax.el-api-2.2.4.jar;C:\Users\Kirti_Bhoir\.m2\repository\org\glassfish\web\javax.el\2.2.4\javax.el-2.2.4.jar;C:\Users\Kirti_Bhoir\.m2\repository\org\apache\maven\maven-core\3.0.4\maven-core-3.0.4.jar;C:\Users\Kirti_Bhoir\.m2\repository\org\apache\maven\maven-settings\3.0.4\maven-settings-3.0.4.jar;C:\Users\Kirti_Bhoir\.m2\repository\org\apache\maven\maven-settings-builder\3.0.4\maven-settings-builder-3.0.4.jar;C:\Users\Kirti_Bhoir\.m2\repository\org\apache\maven\maven-repository-metadata\3.0.4\maven-repository-metadata-3.0.4.jar;C:\Users\Kirti_Bhoir\.m2\repository\org\apache\maven\maven-model-builder\3.0.4\maven-model-builder-3.0.4.jar;C:\Users\Kirti_Bhoir\.m2\repository\org\apache\maven\maven-aether-provider\3.0.4\maven-aether-provider-3.0.4.jar;C:\Users\Kirti_Bhoir\.m2\repository\org\sonatype\aether\aether-spi\1.13.1\aether-spi-1.13.1.jar;C:\Users\Kirti_Bhoir\.m2\repository\org\sonatype\aether\aether-impl\1.13.1\aether-impl-1.13.1.jar;C:\Users\Kirti_Bhoir\.m2\repository\org\sonatype\aether\aether-api\1.13.1\aether-api-1.13.1.jar;C:\Users\Kirti_Bhoir\.m2\repository\org\sonatype\aether\aether-util\1.13.1\aether-util-1.13.1.jar;C:\Users\Kirti_Bhoir\.m2\repository\org\sonatype\sisu\sisu-inject-plexus\2.3.0\sisu-inject-plexus-2.3.0.jar;C:\Users\Kirti_Bhoir\.m2\repository\org\sonatype\sisu\sisu-inject-bean\2.3.0\sisu-inject-bean-2.3.0.jar;C:\Users\Kirti_Bhoir\.m2\repository\org\codehaus\plexus\plexus-interpolation\1.14\plexus-interpolation-1.14.jar;C:\Users\Kirti_Bhoir\.m2\repository\org\codehaus\plexus\plexus-utils\2.0.6\plexus-utils-2.0.6.jar;C:\Users\Kirti_Bhoir\.m2\repository\org\codehaus\plexus\plexus-classworlds\2.4\plexus-classworlds-2.4.jar;C:\Users\Kirti_Bhoir\.m2\repository\org\codehaus\plexus\plexus-component-annotations\1.5.5\plexus-component-annotations-1.5.5.jar;C:\Users\Kirti_Bhoir\.m2\repository\org\sonatype\plexus\plexus-sec-dispatcher\1.3\plexus-sec-dispatcher-1.3.jar;C:\Users\Kirti_Bhoir\.m2\repository\org\sonatype\plexus\plexus-cipher\1.4\plexus-cipher-1.4.jar;C:\Users\Kirti_Bhoir\.m2\repository\org\apache\maven\plugin-tools\maven-plugin-annotations\3.3\maven-plugin-annotations-3.3.jar;C:\Users\Kirti_Bhoir\.m2\repository\org\apache\maven\reporting\maven-reporting-api\3.0\maven-reporting-api-3.0.jar;C:\Users\Kirti_Bhoir\.m2\repository\org\apache\maven\doxia\doxia-sink-api\1.0\doxia-sink-api-1.0.jar;C:\Users\Kirti_Bhoir\.m2\repository\info\cukes\cucumber-testng\1.2.5\cucumber-testng-1.2.5.jar;C:\Users\Kirti_Bhoir\.m2\repository\org\springframework\spring-test\5.1.1.RELEASE\spring-test-5.1.1.RELEASE.jar;C:\Users\Kirti_Bhoir\.m2\repository\org\apache\poi\poi-ooxml\3.9\poi-ooxml-3.9.jar;C:\Users\Kirti_Bhoir\.m2\repository\org\apache\poi\poi\3.9\poi-3.9.jar;C:\Users\Kirti_Bhoir\.m2\repository\org\apache\poi\poi-ooxml-schemas\3.9\poi-ooxml-schemas-3.9.jar;C:\Users\Kirti_Bhoir\.m2\repository\org\apache\xmlbeans\xmlbeans\2.3.0\xmlbeans-2.3.0.jar;C:\Users\Kirti_Bhoir\.m2\repository\stax\stax-api\1.0.1\stax-api-1.0.1.jar;C:\Users\Kirti_Bhoir\.m2\repository\dom4j\dom4j\1.6.1\dom4j-1.6.1.jar;C:\Users\Kirti_Bhoir\.m2\repository\log4j\log4j\1.2.17\log4j-1.2.17.jar;C:\Users\Kirti_Bhoir\.m2\repository\org\hamcrest\hamcrest-all\1.3\hamcrest-all-1.3.jar;"/>
    <property name="sun.cpu.endian" value="little"/>
    <property name="user.home" value="C:\Users\Kirti_Bhoir"/>
    <property name="user.language" value="en"/>
    <property name="java.specification.vendor" value="Oracle Corporation"/>
    <property name="java.home" value="C:\Program Files\Java\jdk1.8.0_181\jre"/>
    <property name="basedir" value="D:\ClearTripAssignment\CleartripAssignment"/>
    <property name="file.separator" value="\"/>
    <property name="line.separator" value="&#10;"/>
    <property name="java.vm.specification.vendor" value="Oracle Corporation"/>
    <property name="java.specification.name" value="Java Platform API Specification"/>
    <property name="java.awt.graphicsenv" value="sun.awt.Win32GraphicsEnvironment"/>
    <property name="surefire.real.class.path" value="C:\Users\KIRTI_~1\AppData\Local\Temp\surefire1709497364593460622\surefirebooter1703383491371427699.jar"/>
    <property name="sun.boot.class.path" value="C:\Program Files\Java\jdk1.8.0_181\jre\lib\resources.jar;C:\Program Files\Java\jdk1.8.0_181\jre\lib\rt.jar;C:\Program Files\Java\jdk1.8.0_181\jre\lib\sunrsasign.jar;C:\Program Files\Java\jdk1.8.0_181\jre\lib\jsse.jar;C:\Program Files\Java\jdk1.8.0_181\jre\lib\jce.jar;C:\Program Files\Java\jdk1.8.0_181\jre\lib\charsets.jar;C:\Program Files\Java\jdk1.8.0_181\jre\lib\jfr.jar;C:\Program Files\Java\jdk1.8.0_181\jre\classes"/>
    <property name="user.script" value=""/>
    <property name="sun.management.compiler" value="HotSpot 64-Bit Tiered Compilers"/>
    <property name="java.runtime.version" value="1.8.0_181-b13"/>
    <property name="user.name" value="Kirti_Bhoir"/>
    <property name="path.separator" value=";"/>
    <property name="os.version" value="10.0"/>
    <property name="java.endorsed.dirs" value="C:\Program Files\Java\jdk1.8.0_181\jre\lib\endorsed"/>
    <property name="java.runtime.name" value="Java(TM) SE Runtime Environment"/>
    <property name="file.encoding" value="Cp1252"/>
    <property name="java.vm.name" value="Java HotSpot(TM) 64-Bit Server VM"/>
    <property name="localRepository" value="C:\Users\Kirti_Bhoir\.m2\repository"/>
    <property name="java.vendor.url.bug" value="http://bugreport.sun.com/bugreport/"/>
    <property name="java.io.tmpdir" value="C:\Users\KIRTI_~1\AppData\Local\Temp\"/>
    <property name="java.version" value="1.8.0_181"/>
    <property name="user.dir" value="D:\ClearTripAssignment\CleartripAssignment"/>
    <property name="os.arch" value="amd64"/>
    <property name="java.vm.specification.name" value="Java Virtual Machine Specification"/>
    <property name="java.awt.printerjob" value="sun.awt.windows.WPrinterJob"/>
    <property name="sun.os.patch.level" value=""/>
    <property name="java.library.path" value="C:\Program Files\Java\jdk1.8.0_181\jre\bin;C:\Windows\Sun\Java\bin;C:\Windows\system32;C:\Windows;C:/Program Files/Java/jre1.8.0_181/bin/server;C:/Program Files/Java/jre1.8.0_181/bin;C:/Program Files/Java/jre1.8.0_181/lib/amd64;C:\Program Files (x86)\Common Files\Oracle\Java\javapath;C:\Windows\system32;C:\Windows;C:\Windows\System32\Wbem;C:\Windows\System32\WindowsPowerShell\v1.0\;C:\Program Files\TortoiseSVN\bin;C:\Program Files\Java\jdk1.8.0_181\bin;C:\Program Files\Git\cmd;C:\Program Files\TortoiseGit\bin;C:\Users\Kirti_Bhoir\AppData\Local\Microsoft\WindowsApps;;D:\eclipse-jee-neon-3-win32-x86_64\eclipse;;."/>
    <property name="java.vm.info" value="mixed mode"/>
    <property name="java.vendor" value="Oracle Corporation"/>
    <property name="java.vm.version" value="25.181-b13"/>
    <property name="java.ext.dirs" value="C:\Program Files\Java\jdk1.8.0_181\jre\lib\ext;C:\Windows\Sun\Java\lib\ext"/>
    <property name="sun.io.unicode.encoding" value="UnicodeLittle"/>
    <property name="java.class.version" value="52.0"/>
  </properties>
  <testcase name="feature" classname="runner.Runner" time="100.857"/>
</testsuite>