<?xml version="1.0" encoding="UTF-8"?>
<!-- Generated by org.testng.reporters.JUnitReportReporter -->
<testsuite skipped="0" hostname="EPINPUNW0002" name="tests.Runner" tests="1" failures="0" timestamp="16 Oct 2018 17:32:59 GMT" time="46.463" errors="0">
  <testcase name="feature" time="46.463" classname="tests.Runner"/>
</testsuite> <!-- tests.Runner -->
