<?xml version="1.0" encoding="UTF-8"?>
<!-- Generated by org.testng.reporters.JUnitReportReporter -->
<testsuite skipped="0" hostname="EPINPUNW0002" name="core.AppConfig" tests="1" failures="0" timestamp="23 Oct 2018 12:35:28 GMT" time="25.812" errors="0">
  <testcase name="displayAirportDetails" time="25.812" classname="core.AppConfig"/>
</testsuite> <!-- core.AppConfig -->
