<?xml version="1.0" encoding="UTF-8"?>
<!-- Generated by org.testng.reporters.JUnitReportReporter -->
<testsuite skipped="0" hostname="EPINPUNW0002" name="runner.Runner" tests="1" failures="0" timestamp="23 Oct 2018 15:13:51 GMT" time="237.436" errors="0">
  <testcase name="feature" time="237.436" classname="runner.Runner"/>
</testsuite> <!-- runner.Runner -->
