<?xml version="1.0" encoding="UTF-8"?>
<!-- Generated by org.testng.reporters.JUnitReportReporter -->
<testsuite skipped="0" hostname="EPINPUNW0002" name="feature.Runner" tests="1" failures="0" timestamp="19 Oct 2018 11:23:10 GMT" time="19.972" errors="0">
  <testcase name="feature" time="19.972" classname="feature.Runner"/>
</testsuite> <!-- feature.Runner -->
