<?xml version="1.0" encoding="UTF-8"?>
<!-- Generated by org.testng.reporters.JUnitReportReporter -->
<testsuite skipped="0" hostname="EPINPUNW0002" name="runner.Runner" tests="1" failures="0" timestamp="24 Oct 2018 09:50:54 GMT" time="167.094" errors="0">
  <testcase name="feature" time="167.094" classname="runner.Runner"/>
</testsuite> <!-- runner.Runner -->
