<?xml version="1.0" encoding="UTF-8"?>
<!-- Generated by org.testng.reporters.JUnitReportReporter -->
<testsuite skipped="0" hostname="EPINPUNW0002" name="runner.Runner" tests="1" failures="0" timestamp="20 Oct 2018 09:37:56 GMT" time="100.845" errors="0">
  <testcase name="feature" time="100.845" classname="runner.Runner"/>
</testsuite> <!-- runner.Runner -->
